The system is: Linux - 3.12.26-1.20140808git4ab8abb.rpfr20.armv6hl.bcm2708 - armv6l
Compiling the C compiler identification source file "CMakeCCompilerId.c" succeeded.
Compiler: /usr/bin/cc 
Build flags: 
Id flags: 

The output was:
0


Compilation of the C compiler identification source "CMakeCCompilerId.c" produced "a.out"

The C compiler identification is GNU, found in "/home/sean/Desktop/Project/face-train/CMakeFiles/2.8.12.2/CompilerIdC/a.out"

Compiling the CXX compiler identification source file "CMakeCXXCompilerId.cpp" succeeded.
Compiler: /usr/bin/c++ 
Build flags: 
Id flags: 

The output was:
0


Compilation of the CXX compiler identification source "CMakeCXXCompilerId.cpp" produced "a.out"

The CXX compiler identification is GNU, found in "/home/sean/Desktop/Project/face-train/CMakeFiles/2.8.12.2/CompilerIdCXX/a.out"

Determining if the C compiler works passed with the following output:
Change Dir: /home/sean/Desktop/Project/face-train/CMakeFiles/CMakeTmp

Run Build Command:/usr/bin/gmake "cmTryCompileExec3785247158/fast"
/usr/bin/gmake -f CMakeFiles/cmTryCompileExec3785247158.dir/build.make CMakeFiles/cmTryCompileExec3785247158.dir/build
gmake[1]: Entering directory `/home/sean/Desktop/Project/face-train/CMakeFiles/CMakeTmp'
/usr/bin/cmake -E cmake_progress_report /home/sean/Desktop/Project/face-train/CMakeFiles/CMakeTmp/CMakeFiles 1
Building C object CMakeFiles/cmTryCompileExec3785247158.dir/testCCompiler.c.o
/usr/bin/cc    -o CMakeFiles/cmTryCompileExec3785247158.dir/testCCompiler.c.o   -c /home/sean/Desktop/Project/face-train/CMakeFiles/CMakeTmp/testCCompiler.c
Linking C executable cmTryCompileExec3785247158
/usr/bin/cmake -E cmake_link_script CMakeFiles/cmTryCompileExec3785247158.dir/link.txt --verbose=1
/usr/bin/cc       CMakeFiles/cmTryCompileExec3785247158.dir/testCCompiler.c.o  -o cmTryCompileExec3785247158 -rdynamic 
gmake[1]: Leaving directory `/home/sean/Desktop/Project/face-train/CMakeFiles/CMakeTmp'


Detecting C compiler ABI info compiled with the following output:
Change Dir: /home/sean/Desktop/Project/face-train/CMakeFiles/CMakeTmp

Run Build Command:/usr/bin/gmake "cmTryCompileExec2252931909/fast"
/usr/bin/gmake -f CMakeFiles/cmTryCompileExec2252931909.dir/build.make CMakeFiles/cmTryCompileExec2252931909.dir/build
gmake[1]: Entering directory `/home/sean/Desktop/Project/face-train/CMakeFiles/CMakeTmp'
/usr/bin/cmake -E cmake_progress_report /home/sean/Desktop/Project/face-train/CMakeFiles/CMakeTmp/CMakeFiles 1
Building C object CMakeFiles/cmTryCompileExec2252931909.dir/CMakeCCompilerABI.c.o
/usr/bin/cc    -o CMakeFiles/cmTryCompileExec2252931909.dir/CMakeCCompilerABI.c.o   -c /usr/share/cmake/Modules/CMakeCCompilerABI.c
Linking C executable cmTryCompileExec2252931909
/usr/bin/cmake -E cmake_link_script CMakeFiles/cmTryCompileExec2252931909.dir/link.txt --verbose=1
/usr/bin/cc     -v CMakeFiles/cmTryCompileExec2252931909.dir/CMakeCCompilerABI.c.o  -o cmTryCompileExec2252931909 -rdynamic  
Using built-in specs.
COLLECT_GCC=/usr/bin/cc
COLLECT_LTO_WRAPPER=/usr/libexec/gcc/armv6hl-redhat-linux-gnueabi/4.8.2/lto-wrapper
Target: armv6hl-redhat-linux-gnueabi
Configured with: ../configure --prefix=/usr --mandir=/usr/share/man --infodir=/usr/share/info --with-bugurl=http://bugzilla.redhat.com/bugzilla --enable-bootstrap --enable-shared --enable-threads=posix --enable-checking=release --with-system-zlib --enable-__cxa_atexit --disable-libunwind-exceptions --enable-gnu-unique-object --enable-linker-build-id --with-linker-hash-style=gnu --enable-languages=c,c++,objc,obj-c++,java,fortran,go,lto --enable-plugin --enable-initfini-array --enable-java-awt=gtk --disable-dssi --with-java-home=/usr/lib/jvm/java-1.5.0-gcj-1.5.0.0/jre --enable-libgcj-multifile --enable-java-maintainer-mode --with-ecj-jar=/usr/share/java/eclipse-ecj.jar --disable-libjava-multilib --with-isl=/builddir/build/BUILD/gcc-4.8.2-20131212/obj-armv6hl-redhat-linux-gnueabi/isl-install --with-cloog=/builddir/build/BUILD/gcc-4.8.2-20131212/obj-armv6hl-redhat-linux-gnueabi/cloog-install --disable-sjlj-exceptions --with-arch=armv6 --with-float=hard --with-fpu=vfp --with-abi=aapcs-linux --build=armv6hl-redhat-linux-gnueabi --target armv6hl-redhat-linux-gnueabi
Thread model: posix
gcc version 4.8.2 20131212 (Red Hat 4.8.2-8) (GCC) 
COMPILER_PATH=/usr/libexec/gcc/armv6hl-redhat-linux-gnueabi/4.8.2/:/usr/libexec/gcc/armv6hl-redhat-linux-gnueabi/4.8.2/:/usr/libexec/gcc/armv6hl-redhat-linux-gnueabi/:/usr/lib/gcc/armv6hl-redhat-linux-gnueabi/4.8.2/:/usr/lib/gcc/armv6hl-redhat-linux-gnueabi/
LIBRARY_PATH=/usr/lib/gcc/armv6hl-redhat-linux-gnueabi/4.8.2/:/usr/lib/gcc/armv6hl-redhat-linux-gnueabi/4.8.2/../../../:/lib/:/usr/lib/
COLLECT_GCC_OPTIONS='-v' '-o' 'cmTryCompileExec2252931909' '-rdynamic' '-march=armv6' '-mfloat-abi=hard' '-mfpu=vfp' '-mabi=aapcs-linux' '-mtls-dialect=gnu'
 /usr/libexec/gcc/armv6hl-redhat-linux-gnueabi/4.8.2/collect2 --build-id --no-add-needed --eh-frame-hdr --hash-style=gnu -export-dynamic -dynamic-linker /lib/ld-linux-armhf.so.3 -X -m armelf_linux_eabi -o cmTryCompileExec2252931909 /usr/lib/gcc/armv6hl-redhat-linux-gnueabi/4.8.2/../../../crt1.o /usr/lib/gcc/armv6hl-redhat-linux-gnueabi/4.8.2/../../../crti.o /usr/lib/gcc/armv6hl-redhat-linux-gnueabi/4.8.2/crtbegin.o -L/usr/lib/gcc/armv6hl-redhat-linux-gnueabi/4.8.2 -L/usr/lib/gcc/armv6hl-redhat-linux-gnueabi/4.8.2/../../.. CMakeFiles/cmTryCompileExec2252931909.dir/CMakeCCompilerABI.c.o -lgcc --as-needed -lgcc_s --no-as-needed -lc -lgcc --as-needed -lgcc_s --no-as-needed /usr/lib/gcc/armv6hl-redhat-linux-gnueabi/4.8.2/crtend.o /usr/lib/gcc/armv6hl-redhat-linux-gnueabi/4.8.2/../../../crtn.o
gmake[1]: Leaving directory `/home/sean/Desktop/Project/face-train/CMakeFiles/CMakeTmp'


Parsed C implicit link information from above output:
  link line regex: [^( *|.*[/\])(ld|([^/\]+-)?ld|collect2)[^/\]*( |$)]
  ignore line: [Change Dir: /home/sean/Desktop/Project/face-train/CMakeFiles/CMakeTmp]
  ignore line: []
  ignore line: [Run Build Command:/usr/bin/gmake "cmTryCompileExec2252931909/fast"]
  ignore line: [/usr/bin/gmake -f CMakeFiles/cmTryCompileExec2252931909.dir/build.make CMakeFiles/cmTryCompileExec2252931909.dir/build]
  ignore line: [gmake[1]: Entering directory `/home/sean/Desktop/Project/face-train/CMakeFiles/CMakeTmp']
  ignore line: [/usr/bin/cmake -E cmake_progress_report /home/sean/Desktop/Project/face-train/CMakeFiles/CMakeTmp/CMakeFiles 1]
  ignore line: [Building C object CMakeFiles/cmTryCompileExec2252931909.dir/CMakeCCompilerABI.c.o]
  ignore line: [/usr/bin/cc    -o CMakeFiles/cmTryCompileExec2252931909.dir/CMakeCCompilerABI.c.o   -c /usr/share/cmake/Modules/CMakeCCompilerABI.c]
  ignore line: [Linking C executable cmTryCompileExec2252931909]
  ignore line: [/usr/bin/cmake -E cmake_link_script CMakeFiles/cmTryCompileExec2252931909.dir/link.txt --verbose=1]
  ignore line: [/usr/bin/cc     -v CMakeFiles/cmTryCompileExec2252931909.dir/CMakeCCompilerABI.c.o  -o cmTryCompileExec2252931909 -rdynamic  ]
  ignore line: [Using built-in specs.]
  ignore line: [COLLECT_GCC=/usr/bin/cc]
  ignore line: [COLLECT_LTO_WRAPPER=/usr/libexec/gcc/armv6hl-redhat-linux-gnueabi/4.8.2/lto-wrapper]
  ignore line: [Target: armv6hl-redhat-linux-gnueabi]
  ignore line: [Configured with: ../configure --prefix=/usr --mandir=/usr/share/man --infodir=/usr/share/info --with-bugurl=http://bugzilla.redhat.com/bugzilla --enable-bootstrap --enable-shared --enable-threads=posix --enable-checking=release --with-system-zlib --enable-__cxa_atexit --disable-libunwind-exceptions --enable-gnu-unique-object --enable-linker-build-id --with-linker-hash-style=gnu --enable-languages=c,c++,objc,obj-c++,java,fortran,go,lto --enable-plugin --enable-initfini-array --enable-java-awt=gtk --disable-dssi --with-java-home=/usr/lib/jvm/java-1.5.0-gcj-1.5.0.0/jre --enable-libgcj-multifile --enable-java-maintainer-mode --with-ecj-jar=/usr/share/java/eclipse-ecj.jar --disable-libjava-multilib --with-isl=/builddir/build/BUILD/gcc-4.8.2-20131212/obj-armv6hl-redhat-linux-gnueabi/isl-install --with-cloog=/builddir/build/BUILD/gcc-4.8.2-20131212/obj-armv6hl-redhat-linux-gnueabi/cloog-install --disable-sjlj-exceptions --with-arch=armv6 --with-float=hard --with-fpu=vfp --with-abi=aapcs-linux --build=armv6hl-redhat-linux-gnueabi --target armv6hl-redhat-linux-gnueabi]
  ignore line: [Thread model: posix]
  ignore line: [gcc version 4.8.2 20131212 (Red Hat 4.8.2-8) (GCC) ]
  ignore line: [COMPILER_PATH=/usr/libexec/gcc/armv6hl-redhat-linux-gnueabi/4.8.2/:/usr/libexec/gcc/armv6hl-redhat-linux-gnueabi/4.8.2/:/usr/libexec/gcc/armv6hl-redhat-linux-gnueabi/:/usr/lib/gcc/armv6hl-redhat-linux-gnueabi/4.8.2/:/usr/lib/gcc/armv6hl-redhat-linux-gnueabi/]
  ignore line: [LIBRARY_PATH=/usr/lib/gcc/armv6hl-redhat-linux-gnueabi/4.8.2/:/usr/lib/gcc/armv6hl-redhat-linux-gnueabi/4.8.2/../../../:/lib/:/usr/lib/]
  ignore line: [COLLECT_GCC_OPTIONS='-v' '-o' 'cmTryCompileExec2252931909' '-rdynamic' '-march=armv6' '-mfloat-abi=hard' '-mfpu=vfp' '-mabi=aapcs-linux' '-mtls-dialect=gnu']
  link line: [ /usr/libexec/gcc/armv6hl-redhat-linux-gnueabi/4.8.2/collect2 --build-id --no-add-needed --eh-frame-hdr --hash-style=gnu -export-dynamic -dynamic-linker /lib/ld-linux-armhf.so.3 -X -m armelf_linux_eabi -o cmTryCompileExec2252931909 /usr/lib/gcc/armv6hl-redhat-linux-gnueabi/4.8.2/../../../crt1.o /usr/lib/gcc/armv6hl-redhat-linux-gnueabi/4.8.2/../../../crti.o /usr/lib/gcc/armv6hl-redhat-linux-gnueabi/4.8.2/crtbegin.o -L/usr/lib/gcc/armv6hl-redhat-linux-gnueabi/4.8.2 -L/usr/lib/gcc/armv6hl-redhat-linux-gnueabi/4.8.2/../../.. CMakeFiles/cmTryCompileExec2252931909.dir/CMakeCCompilerABI.c.o -lgcc --as-needed -lgcc_s --no-as-needed -lc -lgcc --as-needed -lgcc_s --no-as-needed /usr/lib/gcc/armv6hl-redhat-linux-gnueabi/4.8.2/crtend.o /usr/lib/gcc/armv6hl-redhat-linux-gnueabi/4.8.2/../../../crtn.o]
    arg [/usr/libexec/gcc/armv6hl-redhat-linux-gnueabi/4.8.2/collect2] ==> ignore
    arg [--build-id] ==> ignore
    arg [--no-add-needed] ==> ignore
    arg [--eh-frame-hdr] ==> ignore
    arg [--hash-style=gnu] ==> ignore
    arg [-export-dynamic] ==> ignore
    arg [-dynamic-linker] ==> ignore
    arg [/lib/ld-linux-armhf.so.3] ==> ignore
    arg [-X] ==> ignore
    arg [-m] ==> ignore
    arg [armelf_linux_eabi] ==> ignore
    arg [-o] ==> ignore
    arg [cmTryCompileExec2252931909] ==> ignore
    arg [/usr/lib/gcc/armv6hl-redhat-linux-gnueabi/4.8.2/../../../crt1.o] ==> ignore
    arg [/usr/lib/gcc/armv6hl-redhat-linux-gnueabi/4.8.2/../../../crti.o] ==> ignore
    arg [/usr/lib/gcc/armv6hl-redhat-linux-gnueabi/4.8.2/crtbegin.o] ==> ignore
    arg [-L/usr/lib/gcc/armv6hl-redhat-linux-gnueabi/4.8.2] ==> dir [/usr/lib/gcc/armv6hl-redhat-linux-gnueabi/4.8.2]
    arg [-L/usr/lib/gcc/armv6hl-redhat-linux-gnueabi/4.8.2/../../..] ==> dir [/usr/lib/gcc/armv6hl-redhat-linux-gnueabi/4.8.2/../../..]
    arg [CMakeFiles/cmTryCompileExec2252931909.dir/CMakeCCompilerABI.c.o] ==> ignore
    arg [-lgcc] ==> lib [gcc]
    arg [--as-needed] ==> ignore
    arg [-lgcc_s] ==> lib [gcc_s]
    arg [--no-as-needed] ==> ignore
    arg [-lc] ==> lib [c]
    arg [-lgcc] ==> lib [gcc]
    arg [--as-needed] ==> ignore
    arg [-lgcc_s] ==> lib [gcc_s]
    arg [--no-as-needed] ==> ignore
    arg [/usr/lib/gcc/armv6hl-redhat-linux-gnueabi/4.8.2/crtend.o] ==> ignore
    arg [/usr/lib/gcc/armv6hl-redhat-linux-gnueabi/4.8.2/../../../crtn.o] ==> ignore
  remove lib [gcc]
  remove lib [gcc_s]
  remove lib [gcc]
  remove lib [gcc_s]
  collapse library dir [/usr/lib/gcc/armv6hl-redhat-linux-gnueabi/4.8.2] ==> [/usr/lib/gcc/armv6hl-redhat-linux-gnueabi/4.8.2]
  collapse library dir [/usr/lib/gcc/armv6hl-redhat-linux-gnueabi/4.8.2/../../..] ==> [/usr/lib]
  implicit libs: [c]
  implicit dirs: [/usr/lib/gcc/armv6hl-redhat-linux-gnueabi/4.8.2;/usr/lib]
  implicit fwks: []


Determining if the CXX compiler works passed with the following output:
Change Dir: /home/sean/Desktop/Project/face-train/CMakeFiles/CMakeTmp

Run Build Command:/usr/bin/gmake "cmTryCompileExec3324283820/fast"
/usr/bin/gmake -f CMakeFiles/cmTryCompileExec3324283820.dir/build.make CMakeFiles/cmTryCompileExec3324283820.dir/build
gmake[1]: Entering directory `/home/sean/Desktop/Project/face-train/CMakeFiles/CMakeTmp'
/usr/bin/cmake -E cmake_progress_report /home/sean/Desktop/Project/face-train/CMakeFiles/CMakeTmp/CMakeFiles 1
Building CXX object CMakeFiles/cmTryCompileExec3324283820.dir/testCXXCompiler.cxx.o
/usr/bin/c++     -o CMakeFiles/cmTryCompileExec3324283820.dir/testCXXCompiler.cxx.o -c /home/sean/Desktop/Project/face-train/CMakeFiles/CMakeTmp/testCXXCompiler.cxx
Linking CXX executable cmTryCompileExec3324283820
/usr/bin/cmake -E cmake_link_script CMakeFiles/cmTryCompileExec3324283820.dir/link.txt --verbose=1
/usr/bin/c++        CMakeFiles/cmTryCompileExec3324283820.dir/testCXXCompiler.cxx.o  -o cmTryCompileExec3324283820 -rdynamic 
gmake[1]: Leaving directory `/home/sean/Desktop/Project/face-train/CMakeFiles/CMakeTmp'


Detecting CXX compiler ABI info compiled with the following output:
Change Dir: /home/sean/Desktop/Project/face-train/CMakeFiles/CMakeTmp

Run Build Command:/usr/bin/gmake "cmTryCompileExec3580632953/fast"
/usr/bin/gmake -f CMakeFiles/cmTryCompileExec3580632953.dir/build.make CMakeFiles/cmTryCompileExec3580632953.dir/build
gmake[1]: Entering directory `/home/sean/Desktop/Project/face-train/CMakeFiles/CMakeTmp'
/usr/bin/cmake -E cmake_progress_report /home/sean/Desktop/Project/face-train/CMakeFiles/CMakeTmp/CMakeFiles 1
Building CXX object CMakeFiles/cmTryCompileExec3580632953.dir/CMakeCXXCompilerABI.cpp.o
/usr/bin/c++     -o CMakeFiles/cmTryCompileExec3580632953.dir/CMakeCXXCompilerABI.cpp.o -c /usr/share/cmake/Modules/CMakeCXXCompilerABI.cpp
Linking CXX executable cmTryCompileExec3580632953
/usr/bin/cmake -E cmake_link_script CMakeFiles/cmTryCompileExec3580632953.dir/link.txt --verbose=1
/usr/bin/c++      -v CMakeFiles/cmTryCompileExec3580632953.dir/CMakeCXXCompilerABI.cpp.o  -o cmTryCompileExec3580632953 -rdynamic  
Using built-in specs.
COLLECT_GCC=/usr/bin/c++
COLLECT_LTO_WRAPPER=/usr/libexec/gcc/armv6hl-redhat-linux-gnueabi/4.8.2/lto-wrapper
Target: armv6hl-redhat-linux-gnueabi
Configured with: ../configure --prefix=/usr --mandir=/usr/share/man --infodir=/usr/share/info --with-bugurl=http://bugzilla.redhat.com/bugzilla --enable-bootstrap --enable-shared --enable-threads=posix --enable-checking=release --with-system-zlib --enable-__cxa_atexit --disable-libunwind-exceptions --enable-gnu-unique-object --enable-linker-build-id --with-linker-hash-style=gnu --enable-languages=c,c++,objc,obj-c++,java,fortran,go,lto --enable-plugin --enable-initfini-array --enable-java-awt=gtk --disable-dssi --with-java-home=/usr/lib/jvm/java-1.5.0-gcj-1.5.0.0/jre --enable-libgcj-multifile --enable-java-maintainer-mode --with-ecj-jar=/usr/share/java/eclipse-ecj.jar --disable-libjava-multilib --with-isl=/builddir/build/BUILD/gcc-4.8.2-20131212/obj-armv6hl-redhat-linux-gnueabi/isl-install --with-cloog=/builddir/build/BUILD/gcc-4.8.2-20131212/obj-armv6hl-redhat-linux-gnueabi/cloog-install --disable-sjlj-exceptions --with-arch=armv6 --with-float=hard --with-fpu=vfp --with-abi=aapcs-linux --build=armv6hl-redhat-linux-gnueabi --target armv6hl-redhat-linux-gnueabi
Thread model: posix
gcc version 4.8.2 20131212 (Red Hat 4.8.2-8) (GCC) 
COMPILER_PATH=/usr/libexec/gcc/armv6hl-redhat-linux-gnueabi/4.8.2/:/usr/libexec/gcc/armv6hl-redhat-linux-gnueabi/4.8.2/:/usr/libexec/gcc/armv6hl-redhat-linux-gnueabi/:/usr/lib/gcc/armv6hl-redhat-linux-gnueabi/4.8.2/:/usr/lib/gcc/armv6hl-redhat-linux-gnueabi/
LIBRARY_PATH=/usr/lib/gcc/armv6hl-redhat-linux-gnueabi/4.8.2/:/usr/lib/gcc/armv6hl-redhat-linux-gnueabi/4.8.2/../../../:/lib/:/usr/lib/
COLLECT_GCC_OPTIONS='-v' '-o' 'cmTryCompileExec3580632953' '-rdynamic' '-shared-libgcc' '-march=armv6' '-mfloat-abi=hard' '-mfpu=vfp' '-mabi=aapcs-linux' '-mtls-dialect=gnu'
 /usr/libexec/gcc/armv6hl-redhat-linux-gnueabi/4.8.2/collect2 --build-id --no-add-needed --eh-frame-hdr --hash-style=gnu -export-dynamic -dynamic-linker /lib/ld-linux-armhf.so.3 -X -m armelf_linux_eabi -o cmTryCompileExec3580632953 /usr/lib/gcc/armv6hl-redhat-linux-gnueabi/4.8.2/../../../crt1.o /usr/lib/gcc/armv6hl-redhat-linux-gnueabi/4.8.2/../../../crti.o /usr/lib/gcc/armv6hl-redhat-linux-gnueabi/4.8.2/crtbegin.o -L/usr/lib/gcc/armv6hl-redhat-linux-gnueabi/4.8.2 -L/usr/lib/gcc/armv6hl-redhat-linux-gnueabi/4.8.2/../../.. CMakeFiles/cmTryCompileExec3580632953.dir/CMakeCXXCompilerABI.cpp.o -lstdc++ -lm -lgcc_s -lgcc -lc -lgcc_s -lgcc /usr/lib/gcc/armv6hl-redhat-linux-gnueabi/4.8.2/crtend.o /usr/lib/gcc/armv6hl-redhat-linux-gnueabi/4.8.2/../../../crtn.o
gmake[1]: Leaving directory `/home/sean/Desktop/Project/face-train/CMakeFiles/CMakeTmp'


Parsed CXX implicit link information from above output:
  link line regex: [^( *|.*[/\])(ld|([^/\]+-)?ld|collect2)[^/\]*( |$)]
  ignore line: [Change Dir: /home/sean/Desktop/Project/face-train/CMakeFiles/CMakeTmp]
  ignore line: []
  ignore line: [Run Build Command:/usr/bin/gmake "cmTryCompileExec3580632953/fast"]
  ignore line: [/usr/bin/gmake -f CMakeFiles/cmTryCompileExec3580632953.dir/build.make CMakeFiles/cmTryCompileExec3580632953.dir/build]
  ignore line: [gmake[1]: Entering directory `/home/sean/Desktop/Project/face-train/CMakeFiles/CMakeTmp']
  ignore line: [/usr/bin/cmake -E cmake_progress_report /home/sean/Desktop/Project/face-train/CMakeFiles/CMakeTmp/CMakeFiles 1]
  ignore line: [Building CXX object CMakeFiles/cmTryCompileExec3580632953.dir/CMakeCXXCompilerABI.cpp.o]
  ignore line: [/usr/bin/c++     -o CMakeFiles/cmTryCompileExec3580632953.dir/CMakeCXXCompilerABI.cpp.o -c /usr/share/cmake/Modules/CMakeCXXCompilerABI.cpp]
  ignore line: [Linking CXX executable cmTryCompileExec3580632953]
  ignore line: [/usr/bin/cmake -E cmake_link_script CMakeFiles/cmTryCompileExec3580632953.dir/link.txt --verbose=1]
  ignore line: [/usr/bin/c++      -v CMakeFiles/cmTryCompileExec3580632953.dir/CMakeCXXCompilerABI.cpp.o  -o cmTryCompileExec3580632953 -rdynamic  ]
  ignore line: [Using built-in specs.]
  ignore line: [COLLECT_GCC=/usr/bin/c++]
  ignore line: [COLLECT_LTO_WRAPPER=/usr/libexec/gcc/armv6hl-redhat-linux-gnueabi/4.8.2/lto-wrapper]
  ignore line: [Target: armv6hl-redhat-linux-gnueabi]
  ignore line: [Configured with: ../configure --prefix=/usr --mandir=/usr/share/man --infodir=/usr/share/info --with-bugurl=http://bugzilla.redhat.com/bugzilla --enable-bootstrap --enable-shared --enable-threads=posix --enable-checking=release --with-system-zlib --enable-__cxa_atexit --disable-libunwind-exceptions --enable-gnu-unique-object --enable-linker-build-id --with-linker-hash-style=gnu --enable-languages=c,c++,objc,obj-c++,java,fortran,go,lto --enable-plugin --enable-initfini-array --enable-java-awt=gtk --disable-dssi --with-java-home=/usr/lib/jvm/java-1.5.0-gcj-1.5.0.0/jre --enable-libgcj-multifile --enable-java-maintainer-mode --with-ecj-jar=/usr/share/java/eclipse-ecj.jar --disable-libjava-multilib --with-isl=/builddir/build/BUILD/gcc-4.8.2-20131212/obj-armv6hl-redhat-linux-gnueabi/isl-install --with-cloog=/builddir/build/BUILD/gcc-4.8.2-20131212/obj-armv6hl-redhat-linux-gnueabi/cloog-install --disable-sjlj-exceptions --with-arch=armv6 --with-float=hard --with-fpu=vfp --with-abi=aapcs-linux --build=armv6hl-redhat-linux-gnueabi --target armv6hl-redhat-linux-gnueabi]
  ignore line: [Thread model: posix]
  ignore line: [gcc version 4.8.2 20131212 (Red Hat 4.8.2-8) (GCC) ]
  ignore line: [COMPILER_PATH=/usr/libexec/gcc/armv6hl-redhat-linux-gnueabi/4.8.2/:/usr/libexec/gcc/armv6hl-redhat-linux-gnueabi/4.8.2/:/usr/libexec/gcc/armv6hl-redhat-linux-gnueabi/:/usr/lib/gcc/armv6hl-redhat-linux-gnueabi/4.8.2/:/usr/lib/gcc/armv6hl-redhat-linux-gnueabi/]
  ignore line: [LIBRARY_PATH=/usr/lib/gcc/armv6hl-redhat-linux-gnueabi/4.8.2/:/usr/lib/gcc/armv6hl-redhat-linux-gnueabi/4.8.2/../../../:/lib/:/usr/lib/]
  ignore line: [COLLECT_GCC_OPTIONS='-v' '-o' 'cmTryCompileExec3580632953' '-rdynamic' '-shared-libgcc' '-march=armv6' '-mfloat-abi=hard' '-mfpu=vfp' '-mabi=aapcs-linux' '-mtls-dialect=gnu']
  link line: [ /usr/libexec/gcc/armv6hl-redhat-linux-gnueabi/4.8.2/collect2 --build-id --no-add-needed --eh-frame-hdr --hash-style=gnu -export-dynamic -dynamic-linker /lib/ld-linux-armhf.so.3 -X -m armelf_linux_eabi -o cmTryCompileExec3580632953 /usr/lib/gcc/armv6hl-redhat-linux-gnueabi/4.8.2/../../../crt1.o /usr/lib/gcc/armv6hl-redhat-linux-gnueabi/4.8.2/../../../crti.o /usr/lib/gcc/armv6hl-redhat-linux-gnueabi/4.8.2/crtbegin.o -L/usr/lib/gcc/armv6hl-redhat-linux-gnueabi/4.8.2 -L/usr/lib/gcc/armv6hl-redhat-linux-gnueabi/4.8.2/../../.. CMakeFiles/cmTryCompileExec3580632953.dir/CMakeCXXCompilerABI.cpp.o -lstdc++ -lm -lgcc_s -lgcc -lc -lgcc_s -lgcc /usr/lib/gcc/armv6hl-redhat-linux-gnueabi/4.8.2/crtend.o /usr/lib/gcc/armv6hl-redhat-linux-gnueabi/4.8.2/../../../crtn.o]
    arg [/usr/libexec/gcc/armv6hl-redhat-linux-gnueabi/4.8.2/collect2] ==> ignore
    arg [--build-id] ==> ignore
    arg [--no-add-needed] ==> ignore
    arg [--eh-frame-hdr] ==> ignore
    arg [--hash-style=gnu] ==> ignore
    arg [-export-dynamic] ==> ignore
    arg [-dynamic-linker] ==> ignore
    arg [/lib/ld-linux-armhf.so.3] ==> ignore
    arg [-X] ==> ignore
    arg [-m] ==> ignore
    arg [armelf_linux_eabi] ==> ignore
    arg [-o] ==> ignore
    arg [cmTryCompileExec3580632953] ==> ignore
    arg [/usr/lib/gcc/armv6hl-redhat-linux-gnueabi/4.8.2/../../../crt1.o] ==> ignore
    arg [/usr/lib/gcc/armv6hl-redhat-linux-gnueabi/4.8.2/../../../crti.o] ==> ignore
    arg [/usr/lib/gcc/armv6hl-redhat-linux-gnueabi/4.8.2/crtbegin.o] ==> ignore
    arg [-L/usr/lib/gcc/armv6hl-redhat-linux-gnueabi/4.8.2] ==> dir [/usr/lib/gcc/armv6hl-redhat-linux-gnueabi/4.8.2]
    arg [-L/usr/lib/gcc/armv6hl-redhat-linux-gnueabi/4.8.2/../../..] ==> dir [/usr/lib/gcc/armv6hl-redhat-linux-gnueabi/4.8.2/../../..]
    arg [CMakeFiles/cmTryCompileExec3580632953.dir/CMakeCXXCompilerABI.cpp.o] ==> ignore
    arg [-lstdc++] ==> lib [stdc++]
    arg [-lm] ==> lib [m]
    arg [-lgcc_s] ==> lib [gcc_s]
    arg [-lgcc] ==> lib [gcc]
    arg [-lc] ==> lib [c]
    arg [-lgcc_s] ==> lib [gcc_s]
    arg [-lgcc] ==> lib [gcc]
    arg [/usr/lib/gcc/armv6hl-redhat-linux-gnueabi/4.8.2/crtend.o] ==> ignore
    arg [/usr/lib/gcc/armv6hl-redhat-linux-gnueabi/4.8.2/../../../crtn.o] ==> ignore
  remove lib [gcc_s]
  remove lib [gcc]
  remove lib [gcc_s]
  remove lib [gcc]
  collapse library dir [/usr/lib/gcc/armv6hl-redhat-linux-gnueabi/4.8.2] ==> [/usr/lib/gcc/armv6hl-redhat-linux-gnueabi/4.8.2]
  collapse library dir [/usr/lib/gcc/armv6hl-redhat-linux-gnueabi/4.8.2/../../..] ==> [/usr/lib]
  implicit libs: [stdc++;m;c]
  implicit dirs: [/usr/lib/gcc/armv6hl-redhat-linux-gnueabi/4.8.2;/usr/lib]
  implicit fwks: []


